<?xml version="1.0" encoding="UTF-8"?>
<testng-results ignored="0" total="1" passed="1" failed="0" skipped="0">
  <reporter-output>
  </reporter-output>
  <suite started-at="2023-04-01T01:37:40 IST" name="Default suite" finished-at="2023-04-01T01:39:45 IST" duration-ms="125226">
    <groups>
    </groups>
    <test started-at="2023-04-01T01:37:40 IST" name="Default test" finished-at="2023-04-01T01:39:45 IST" duration-ms="125226">
      <class name="TestCases.LoginApplication">
        <test-method signature="Login()[pri:0, instance:TestCases.LoginApplication@1bb266b3]" started-at="2023-04-01T01:37:40 IST" name="Login" finished-at="2023-04-01T01:39:45 IST" duration-ms="125117" status="PASS">
          <reporter-output>
          </reporter-output>
        </test-method> <!-- Login -->
      </class> <!-- TestCases.LoginApplication -->
    </test> <!-- Default test -->
  </suite> <!-- Default suite -->
</testng-results>
